C51 COMPILER V9.57.0.0   LCD16824                                                          05/24/2018 18:48:46 PAGE 1   


C51 COMPILER V9.57.0.0, COMPILATION OF MODULE LCD16824
OBJECT MODULE PLACED IN .\Objects\lcd16824.obj
COMPILER INVOKED BY: D:\pro\keil5\core\C51\BIN\C51.EXE source\lcd16824.c OPTIMIZE(8,SPEED) BROWSE INCDIR(.\include) DEBU
                    -G OBJECTEXTEND PRINT(.\Listings\lcd16824.lst) TABS(2) OBJECT(.\Objects\lcd16824.obj)

line level    source

   1          #define _TIME_C_
   2          
   3          void Display_String(uint8 line,uint8 *string)//显示字符串
*** ERROR C141 IN LINE 3 OF source\lcd16824.c: syntax error near 'line', expected ')'
   4          {
   5   1        uint8 addr,i;
*** ERROR C141 IN LINE 5 OF source\lcd16824.c: syntax error near 'addr'
*** ERROR C202 IN LINE 5 OF source\lcd16824.c: 'addr': undefined identifier
   6   1        if(line==1)
*** ERROR C202 IN LINE 6 OF source\lcd16824.c: 'line': undefined identifier
   7   1        addr=0x80;
*** ERROR C202 IN LINE 7 OF source\lcd16824.c: 'addr': undefined identifier
   8   1        else if(line==2)
*** ERROR C202 IN LINE 8 OF source\lcd16824.c: 'line': undefined identifier
   9   1        addr=0x90;
*** ERROR C202 IN LINE 9 OF source\lcd16824.c: 'addr': undefined identifier
  10   1        else if(line==3)
*** ERROR C202 IN LINE 10 OF source\lcd16824.c: 'line': undefined identifier
  11   1        addr=0x88;
*** ERROR C202 IN LINE 11 OF source\lcd16824.c: 'addr': undefined identifier
  12   1        else if(line==4)
*** ERROR C202 IN LINE 12 OF source\lcd16824.c: 'line': undefined identifier
  13   1        addr=0x98;
*** ERROR C202 IN LINE 13 OF source\lcd16824.c: 'addr': undefined identifier
  14   1        Wr_Command(addr,1);
*** ERROR C202 IN LINE 14 OF source\lcd16824.c: 'addr': undefined identifier
  15   1        for(i=0;i<16;i++)
*** ERROR C202 IN LINE 15 OF source\lcd16824.c: 'i': undefined identifier
  16   1        {
  17   2          Wr_Data(*string++);
*** ERROR C202 IN LINE 17 OF source\lcd16824.c: 'string': undefined identifier
  18   2        }
  19   1      }
  20          
  21          void Wr_Data(uint8 wrdata) //写数据
*** ERROR C141 IN LINE 21 OF source\lcd16824.c: syntax error near 'wrdata', expected ')'
  22          {
  23   1        RDbf();
  24   1        RS=1;
  25   1        RW=0;
  26   1        E=1;
  27   1        LCMdata=wrdata;
  28   1        E=0;
  29   1      }
  30          
  31          void Wr_Command(uint8 wrcommand,busyc) //写指令
  32          {
  33   1        if(busyc)
  34   1        RDbf();
  35   1        RS=0;
  36   1        RW=0;
  37   1        E=1;
  38   1        LCMdata=wrcommand;
  39   1        E=0;
C51 COMPILER V9.57.0.0   LCD16824                                                          05/24/2018 18:48:46 PAGE 2   

  40   1      }
  41          
  42          void RDbf(void) //读忙状态
  43          {
  44   1        while(1)
  45   1        {
  46   2          RS=0;
  47   2          RW=1;
  48   2          E=0;
  49   2          LCMdata=0xFF;
  50   2          E=1;
  51   2          if((LCMdata&Busy)==0)
  52   2          break;
  53   2        }
  54   1      }
  55          
  56          void Lcm_Init(void)
  57          {
  58   1        PSB =1;
  59   1        delayms(5);
  60   1        REST=1;
  61   1        REST=0;
  62   1        REST=1;
  63   1        Wr_Command(0x30,0);
  64   1        delayms(5);
  65   1        Wr_Command(0x30,0); //2次显示模式设置，不用判忙
  66   1        delayms(5);
  67   1        Wr_Command(0x0C,1); //开显示及光标设置
  68   1        delayms(5);
  69   1        Wr_Command(0x01,1); //显示清屏
  70   1        delayms(5);
  71   1        delayms(5);
  72   1        Wr_Command(0x06,1); //显示光标移动设置
  73   1        delayms(5);
  74   1      }
  75          
  76          void Set_LCMdata(uint8 wrdata)
  77          {
  78   1        LCMdata^0 = wrdata^7;
  79   1      }
  80          

C51 COMPILATION COMPLETE.  0 WARNING(S),  15 ERROR(S)
