C51 COMPILER V9.57.0.0   MAIN                                                              06/06/2018 15:17:47 PAGE 1   


C51 COMPILER V9.57.0.0, COMPILATION OF MODULE MAIN
OBJECT MODULE PLACED IN .\Objects\main.obj
COMPILER INVOKED BY: D:\pro\keil5\core\C51\BIN\C51.EXE source\main.c LARGE OPTIMIZE(9,SPEED) BROWSE INCDIR(.\include) DE
                    -BUG OBJECTEXTEND PRINT(.\Listings\main.lst) TABS(2) OBJECT(.\Objects\main.obj)

line level    source

   1          // Source: main.h 
   2          // File Name: main.h
   3          // Author: hg
   4          // Date:2018年5月24日
   5          
   6          #define MAIN_C_
   7          
   8          #include "main.h"
   9          
  10          /* define variables */
  11          uint16 count;
  12          
  13          void main()
  14          {
  15   1        Lcm_Init();
  16   1        
  17   1        Init_TIME0();
  18   1        Init_TIME1();
  19   1        
  20   1        Init_USART();
  21   1        
  22   1        Display_Start();
  23   1        
  24   1        EA=1;//总中断
  25   1        
  26   1        while(1)
  27   1        {
  28   2          Display_Menu1_Screen();//主显示界面
  29   2          Display_Menu2_Screen();//显示设置界面
  30   2        }
  31   1      }
  32          
  33          void Timer0() interrupt 1
  34          {
  35   1        Interrupt_Init0();
  36   1        if (count-- == 0)               //1ms * 1000 -> 1s
  37   1        {
  38   2          count = 1000;               //reset counter
  39   2          Led_Change();
  40   2        }
  41   1      }
  42          void Usart() interrupt 4
  43          {
  44   1          if(RI)
  45   1          {
  46   2              Interrupt_Queue(SBUF);
  47   2              RI=0;       
  48   2          }
  49   1      }


MODULE INFORMATION:   STATIC OVERLAYABLE
   CODE SIZE        =    177    ----
   CONSTANT SIZE    =   ----    ----
C51 COMPILER V9.57.0.0   MAIN                                                              06/06/2018 15:17:47 PAGE 2   

   XDATA SIZE       =      2    ----
   PDATA SIZE       =   ----    ----
   DATA SIZE        =   ----    ----
   IDATA SIZE       =   ----    ----
   BIT SIZE         =   ----    ----
END OF MODULE INFORMATION.


C51 COMPILATION COMPLETE.  0 WARNING(S),  0 ERROR(S)
