C51 COMPILER V9.57.0.0   QUEUE                                                             06/07/2018 09:40:57 PAGE 1   


C51 COMPILER V9.57.0.0, COMPILATION OF MODULE QUEUE
OBJECT MODULE PLACED IN .\Objects\queue.obj
COMPILER INVOKED BY: D:\pro\keil5\core\C51\BIN\C51.EXE source\queue.c LARGE OPTIMIZE(9,SPEED) BROWSE INCDIR(.\include) D
                    -EBUG OBJECTEXTEND PRINT(.\Listings\queue.lst) TABS(2) OBJECT(.\Objects\queue.obj)

line level    source

   1          #define QUEUE_C_
   2          #include "queue.h"
   3          
   4          void QueueInit(struct FifoQueue *Queue)
   5          {
   6   1          Queue->front = Queue->rear;
   7   1          Queue->count = 0;
   8   1      }
   9          // Queue In
  10          uint8 QueueIn(struct FifoQueue *Queue,uint8 sdat)
  11          {
  12   1          if((Queue->front == Queue->rear) && (Queue->count == QueueSize))
  13   1          {                    // full
  14   2              return QueueFull;
  15   2          }else
  16   1          {                    // in
  17   2              Queue->dat[Queue->rear] = sdat;
  18   2              Queue->rear = (Queue->rear + 1) % QueueSize;
  19   2              Queue->count = Queue->count + 1;
  20   2              return QueueOperateOk;
  21   2          }
  22   1      }
  23          // Queue Out
  24          uint8 QueueOut(struct FifoQueue *Queue,uint8 *sdat)
  25          {
  26   1          if((Queue->front == Queue->rear) && (Queue->count == 0))
  27   1          {                    // empty
  28   2              return QueueEmpty;
  29   2          }else
  30   1          {                    // out
  31   2              *sdat = Queue->dat[Queue->front];
  32   2              Queue->front = (Queue->front + 1) % QueueSize;
  33   2              Queue->count = Queue->count - 1;
  34   2              return QueueOperateOk;
  35   2          }
  36   1      }


MODULE INFORMATION:   STATIC OVERLAYABLE
   CODE SIZE        =    282    ----
   CONSTANT SIZE    =   ----    ----
   XDATA SIZE       =   ----      10
   PDATA SIZE       =   ----    ----
   DATA SIZE        =   ----    ----
   IDATA SIZE       =   ----    ----
   BIT SIZE         =   ----    ----
END OF MODULE INFORMATION.


C51 COMPILATION COMPLETE.  0 WARNING(S),  0 ERROR(S)
