C51 COMPILER V9.57.0.0   TIME                                                              05/31/2018 15:56:47 PAGE 1   


C51 COMPILER V9.57.0.0, COMPILATION OF MODULE TIME
OBJECT MODULE PLACED IN .\Objects\time.obj
COMPILER INVOKED BY: D:\pro\keil5\core\C51\BIN\C51.EXE source\time.c LARGE OPTIMIZE(9,SPEED) BROWSE INCDIR(.\include) DE
                    -BUG OBJECTEXTEND PRINT(.\Listings\time.lst) TABS(2) OBJECT(.\Objects\time.obj)

line level    source

   1          #define TIME_C_
   2          #include "time.h"
   3          
   4          void delayms(uint8 ms)
   5          {
   6   1        uint16 TempCyc=ms*1000;
   7   1        while(--TempCyc);
   8   1      }
   9          void delayus(uint8 u)
  10          {
  11   1        while(--u);
  12   1      }
  13          
  14          


MODULE INFORMATION:   STATIC OVERLAYABLE
   CODE SIZE        =     22    ----
   CONSTANT SIZE    =   ----    ----
   XDATA SIZE       =   ----    ----
   PDATA SIZE       =   ----    ----
   DATA SIZE        =   ----    ----
   IDATA SIZE       =   ----    ----
   BIT SIZE         =   ----    ----
END OF MODULE INFORMATION.


C51 COMPILATION COMPLETE.  0 WARNING(S),  0 ERROR(S)
