C51 COMPILER V9.57.0.0   TIME1                                                             06/22/2018 16:51:28 PAGE 1   


C51 COMPILER V9.57.0.0, COMPILATION OF MODULE TIME1
OBJECT MODULE PLACED IN .\Objects\time1.obj
COMPILER INVOKED BY: D:\pro\keil5\core\C51\BIN\C51.EXE source\time1.c LARGE OPTIMIZE(9,SPEED) BROWSE INCDIR(.\include) D
                    -EBUG OBJECTEXTEND PRINT(.\Listings\time1.lst) TABS(2) OBJECT(.\Objects\time1.obj)

line level    source

   1          #define TIME1_C_
   2          #include "time1.h"
   3          
   4          void Init_TIME1()
   5          {
   6   1      }


MODULE INFORMATION:   STATIC OVERLAYABLE
   CODE SIZE        =      1    ----
   CONSTANT SIZE    =   ----    ----
   XDATA SIZE       =   ----    ----
   PDATA SIZE       =   ----    ----
   DATA SIZE        =   ----    ----
   IDATA SIZE       =   ----    ----
   BIT SIZE         =   ----    ----
END OF MODULE INFORMATION.


C51 COMPILATION COMPLETE.  0 WARNING(S),  0 ERROR(S)
